SF:pya/__init__.py
DA:1,1
DA:2,1
DA:3,1
DA:4,1
DA:5,1
DA:6,1
DA:9,1
DA:10,1
DA:11,1
DA:12,1
DA:14,1
DA:17,1
DA:18,0
DA:21,1
DA:22,0
LF:15
LH:13
FN:17,18,startup
FNDA:0,startup
FN:21,22,shutdown
FNDA:0,shutdown
FNF:2
FNH:0
end_of_record
SF:pya/amfcc.py
DA:1,1
DA:2,1
DA:4,1
DA:5,1
DA:6,1
DA:7,1
DA:9,1
DA:11,1
DA:24,1
DA:77,1
DA:134,1
DA:135,1
DA:136,1
DA:137,1
DA:138,1
DA:139,1
DA:140,1
DA:141,1
DA:143,1
DA:144,1
DA:145,1
DA:146,1
DA:148,1
DA:149,1
DA:150,1
DA:151,1
DA:152,1
DA:153,1
DA:155,1
DA:156,1
DA:159,1
DA:161,1
DA:162,1
DA:163,1
DA:164,1
DA:165,1
DA:166,1
DA:167,1
DA:168,1
DA:169,1
DA:170,1
DA:172,1
DA:173,1
DA:174,1
DA:175,1
DA:179,1
DA:180,1
DA:186,1
DA:187,1
DA:190,1
DA:192,1
DA:198,1
DA:203,1
DA:204,1
DA:205,1
DA:208,1
DA:210,1
DA:213,1
DA:214,1
DA:216,1
DA:217,1
DA:218,1
DA:220,1
DA:221,1
DA:222,1
DA:224,1
DA:225,1
DA:227,1
DA:229,1
DA:230,1
DA:232,1
DA:233,1
DA:252,1
DA:254,1
DA:255,1
DA:285,1
DA:288,1
DA:289,1
DA:290,1
DA:293,1
DA:295,1
DA:296,1
DA:297,1
DA:298,1
DA:299,1
DA:300,1
DA:301,1
DA:303,1
DA:304,1
DA:334,1
DA:335,1
DA:336,1
DA:337,1
DA:338,1
DA:341,1
DA:343,1
DA:373,1
DA:374,1
DA:378,1
DA:379,1
DA:394,1
DA:395,1
DA:396,1
DA:398,1
DA:399,1
DA:401,1
DA:402,1
DA:404,1
LF:108
LH:108
FN:77,214,Amfcc.__init__
FNDA:1,Amfcc.__init__
FN:217,218,Amfcc.nframes
FNDA:1,Amfcc.nframes
FN:221,222,Amfcc.timestamp
FNDA:1,Amfcc.timestamp
FN:225,227,Amfcc.features
FNDA:1,Amfcc.features
FN:229,230,Amfcc.__repr__
FNDA:1,Amfcc.__repr__
FN:233,252,Amfcc.preemphasis
FNDA:1,Amfcc.preemphasis
FN:255,301,Amfcc.mel_filterbanks
FNDA:1,Amfcc.mel_filterbanks
FN:304,341,Amfcc.lifter
FNDA:1,Amfcc.lifter
FN:343,404,Amfcc.plot
FNDA:1,Amfcc.plot
FNF:9
FNH:9
end_of_record
SF:pya/arecorder.py
DA:2,1
DA:3,1
DA:4,1
DA:5,1
DA:7,1
DA:8,1
DA:10,1
DA:11,1
DA:13,1
DA:14,1
DA:17,1
DA:38,1
DA:47,1
DA:48,1
DA:49,1
DA:50,1
DA:51,1
DA:52,1
DA:53,1
DA:58,1
DA:59,1
DA:61,1
DA:62,1
DA:63,1
DA:65,1
DA:66,1
DA:70,0
DA:71,0
DA:72,0
DA:74,1
DA:86,0
DA:87,0
DA:88,0
DA:89,0
DA:90,0
DA:91,0
DA:92,0
DA:93,0
DA:94,0
DA:95,0
DA:97,0
DA:99,1
DA:100,0
DA:101,0
DA:103,1
DA:104,1
DA:105,1
DA:107,1
DA:108,1
DA:109,1
DA:118,1
DA:119,1
DA:121,1
DA:124,0
DA:125,0
DA:127,0
DA:128,0
DA:132,0
DA:135,0
DA:137,1
DA:139,1
DA:141,1
DA:143,0
DA:145,1
DA:147,1
DA:148,1
DA:149,1
DA:150,1
DA:151,1
DA:153,0
DA:155,1
DA:156,0
DA:157,0
DA:158,0
DA:159,0
DA:162,0
LF:76
LH:47
FN:38,59,Arecorder.__init__
FNDA:1,Arecorder.__init__
FN:62,63,Arecorder.channels
FNDA:1,Arecorder.channels
FN:66,72,Arecorder.channels
FNDA:0,Arecorder.channels
FN:74,97,Arecorder.set_tracks
FNDA:0,Arecorder.set_tracks
FN:99,101,Arecorder.reset
FNDA:0,Arecorder.reset
FN:103,119,Arecorder.boot
FNDA:1,Arecorder.boot
FN:121,135,Arecorder._recorder_callback
FNDA:0,Arecorder._recorder_callback
FN:137,139,Arecorder.record
FNDA:1,Arecorder.record
FN:141,143,Arecorder.pause
FNDA:0,Arecorder.pause
FN:145,153,Arecorder.stop
FNDA:1,Arecorder.stop
FN:155,162,Arecorder.__repr__
FNDA:0,Arecorder.__repr__
FNF:11
FNH:5
end_of_record
SF:pya/aserver.py
DA:1,1
DA:2,1
DA:3,1
DA:4,1
DA:5,1
DA:7,1
DA:9,1
DA:11,1
DA:12,1
DA:15,1
DA:35,1
DA:37,1
DA:38,1
DA:39,1
DA:40,1
DA:41,1
DA:42,1
DA:43,1
DA:45,0
DA:46,1
DA:48,1
DA:49,1
DA:50,1
DA:51,1
DA:52,1
DA:53,1
DA:55,0
DA:57,1
DA:88,1
DA:89,1
DA:90,1
DA:91,1
DA:93,1
DA:94,1
DA:95,1
DA:96,1
DA:97,1
DA:98,1
DA:99,1
DA:101,1
DA:106,1
DA:108,1
DA:109,1
DA:110,1
DA:111,1
DA:112,1
DA:113,1
DA:114,1
DA:115,1
DA:116,1
DA:117,1
DA:118,1
DA:119,1
DA:121,1
DA:122,1
DA:123,1
DA:125,1
DA:126,1
DA:130,0
DA:131,0
DA:132,0
DA:134,1
DA:135,1
DA:136,1
DA:138,1
DA:139,1
DA:140,1
DA:142,1
DA:143,1
DA:144,1
DA:146,1
DA:147,1
DA:148,1
DA:150,1
DA:151,1
DA:152,1
DA:154,1
DA:155,1
DA:156,0
DA:161,0
DA:162,0
DA:165,0
DA:167,1
DA:168,1
DA:172,1
DA:174,1
DA:176,1
DA:177,1
DA:178,1
DA:184,1
DA:185,1
DA:191,1
DA:193,1
DA:205,0
DA:206,0
DA:207,0
DA:208,0
DA:209,0
DA:210,0
DA:211,0
DA:212,0
DA:213,0
DA:214,0
DA:216,1
DA:218,1
DA:219,1
DA:220,1
DA:221,1
DA:222,1
DA:223,1
DA:224,1
DA:233,1
DA:234,1
DA:235,1
DA:237,1
DA:239,1
DA:240,1
DA:241,1
DA:242,1
DA:243,1
DA:244,1
DA:245,1
DA:246,1
DA:247,0
DA:248,0
DA:249,1
DA:251,1
DA:261,1
DA:263,1
DA:264,1
DA:265,0
DA:266,1
DA:267,1
DA:269,0
DA:270,1
DA:271,1
DA:272,1
DA:273,0
DA:274,0
DA:275,0
DA:276,0
DA:278,1
DA:282,1
DA:283,1
DA:284,1
DA:285,1
DA:286,1
DA:289,1
DA:290,1
DA:291,1
DA:292,1
DA:293,1
DA:294,0
DA:296,1
DA:297,1
DA:299,1
DA:301,1
DA:302,1
DA:305,1
DA:306,1
DA:307,1
DA:308,1
DA:309,1
DA:311,1
DA:312,1
DA:313,1
DA:314,0
DA:315,0
DA:316,0
DA:317,0
DA:318,0
DA:319,1
DA:321,1
DA:322,1
DA:323,1
DA:324,1
DA:325,1
DA:326,1
DA:327,1
DA:328,1
DA:329,1
DA:331,1
DA:332,1
DA:333,1
DA:334,1
DA:336,1
DA:337,1
DA:338,1
DA:339,0
DA:341,1
DA:342,0
DA:343,0
DA:344,0
DA:345,0
DA:346,1
DA:348,1
DA:349,1
DA:351,1
DA:352,1
DA:354,1
DA:356,1
DA:357,1
DA:358,1
DA:360,1
DA:362,1
DA:363,0
DA:364,0
DA:365,0
DA:366,0
DA:367,0
LF:210
LH:167
FN:38,46,Aserver.startup_default_server
FNDA:1,Aserver.startup_default_server
FN:49,55,Aserver.shutdown_default_server
FNDA:1,Aserver.shutdown_default_server
FN:57,119,Aserver.__init__
FNDA:1,Aserver.__init__
FN:122,123,Aserver.channels
FNDA:1,Aserver.channels
FN:126,132,Aserver.channels
FNDA:0,Aserver.channels
FN:135,136,Aserver.device_dict
FNDA:1,Aserver.device_dict
FN:139,140,Aserver.max_out_chn
FNDA:1,Aserver.max_out_chn
FN:143,144,Aserver.max_in_chn
FNDA:1,Aserver.max_in_chn
FN:147,148,Aserver.is_active
FNDA:1,Aserver.is_active
FN:151,152,Aserver.device
FNDA:1,Aserver.device
FN:155,165,Aserver.device
FNDA:0,Aserver.device
FN:167,172,Aserver.__repr__
FNDA:1,Aserver.__repr__
FN:174,191,Aserver.get_devices
FNDA:1,Aserver.get_devices
FN:193,214,Aserver.set_device
FNDA:0,Aserver.set_device
FN:216,235,Aserver.boot
FNDA:1,Aserver.boot
FN:237,249,Aserver.quit
FNDA:1,Aserver.quit
FN:251,297,Aserver.play
FNDA:1,Aserver.play
FN:299,346,Aserver._play_callback
FNDA:1,Aserver._play_callback
FN:348,349,Aserver.stop
FNDA:1,Aserver.stop
FN:351,352,Aserver.__enter__
FNDA:1,Aserver.__enter__
FN:354,358,Aserver.__exit__
FNDA:1,Aserver.__exit__
FN:360,367,Aserver.__del__
FNDA:1,Aserver.__del__
FNF:22
FNH:19
end_of_record
SF:pya/asig.py
DA:1,1
DA:2,1
DA:3,1
DA:4,1
DA:5,1
DA:7,1
DA:8,1
DA:9,1
DA:10,1
DA:11,1
DA:12,1
DA:14,1
DA:16,1
DA:17,1
DA:20,1
DA:54,1
DA:92,1
DA:93,1
DA:95,0
DA:96,1
DA:97,1
DA:98,1
DA:99,1
DA:100,1
DA:101,0
DA:102,0
DA:103,0
DA:104,1
DA:105,1
DA:106,1
DA:108,1
DA:109,1
DA:110,1
DA:111,1
DA:113,1
DA:115,1
DA:116,1
DA:117,1
DA:118,1
DA:119,0
DA:122,1
DA:124,1
DA:125,1
DA:127,1
DA:128,1
DA:129,1
DA:130,1
DA:132,1
DA:133,1
DA:135,1
DA:137,1
DA:138,1
DA:140,1
DA:141,1
DA:143,1
DA:145,1
DA:146,1
DA:148,1
DA:150,1
DA:154,1
DA:155,1
DA:159,1
DA:161,1
DA:162,1
DA:166,1
DA:168,1
DA:179,1
DA:180,1
DA:181,1
DA:182,0
DA:183,1
DA:184,1
DA:185,1
DA:186,1
DA:187,1
DA:188,1
DA:190,1
DA:191,1
DA:192,1
DA:194,1
DA:195,1
DA:197,0
DA:199,1
DA:226,1
DA:227,1
DA:228,1
DA:229,1
DA:230,1
DA:231,0
DA:234,0
DA:237,1
DA:238,1
DA:242,1
DA:243,1
DA:244,1
DA:245,1
DA:246,1
DA:247,1
DA:248,1
DA:249,1
DA:250,1
DA:251,1
DA:252,1
DA:253,1
DA:254,1
DA:255,1
DA:256,1
DA:257,1
DA:258,1
DA:259,1
DA:260,0
DA:261,0
DA:262,1
DA:263,1
DA:264,1
DA:265,1
DA:266,1
DA:267,1
DA:268,1
DA:270,1
DA:271,1
DA:274,1
DA:275,1
DA:276,1
DA:277,1
DA:278,1
DA:279,0
DA:280,1
DA:281,1
DA:282,1
DA:283,1
DA:285,1
DA:286,1
DA:287,1
DA:290,0
DA:291,0
DA:292,0
DA:293,1
DA:294,1
DA:295,1
DA:296,1
DA:297,1
DA:298,1
DA:299,1
DA:300,1
DA:302,1
DA:303,0
DA:304,0
DA:305,0
DA:307,1
DA:308,1
DA:310,1
DA:316,1
DA:318,1
DA:319,1
DA:320,1
DA:321,1
DA:322,1
DA:323,1
DA:325,1
DA:326,1
DA:327,1
DA:329,1
DA:330,1
DA:336,1
DA:337,1
DA:339,1
DA:341,1
DA:342,1
DA:348,1
DA:349,1
DA:351,1
DA:353,1
DA:354,1
DA:359,1
DA:360,1
DA:362,1
DA:364,1
DA:410,1
DA:411,1
DA:413,1
DA:414,1
DA:415,1
DA:417,1
DA:418,1
DA:420,1
DA:421,1
DA:422,1
DA:424,1
DA:425,1
DA:426,1
DA:427,0
DA:428,0
DA:429,1
DA:430,1
DA:431,1
DA:432,1
DA:433,1
DA:434,1
DA:435,1
DA:437,1
DA:440,1
DA:441,1
DA:442,1
DA:443,1
DA:445,0
DA:446,0
DA:447,0
DA:448,0
DA:450,1
DA:451,1
DA:453,1
DA:454,0
DA:456,1
DA:458,1
DA:459,1
DA:460,1
DA:462,1
DA:465,1
DA:466,1
DA:467,1
DA:469,1
DA:471,1
DA:472,1
DA:474,1
DA:475,1
DA:476,1
DA:478,1
DA:481,1
DA:482,1
DA:483,1
DA:485,1
DA:486,1
DA:487,1
DA:488,1
DA:489,1
DA:492,1
DA:494,1
DA:495,1
DA:498,0
DA:499,0
DA:501,1
DA:502,1
DA:503,1
DA:504,1
DA:505,1
DA:506,1
DA:507,1
DA:509,1
DA:511,1
DA:512,1
DA:513,1
DA:514,0
DA:515,0
DA:516,1
DA:517,1
DA:518,0
DA:519,1
DA:520,0
DA:523,1
DA:525,1
DA:526,1
DA:527,1
DA:528,1
DA:529,1
DA:530,1
DA:532,1
DA:533,1
DA:535,1
DA:538,1
DA:539,0
DA:541,1
DA:543,1
DA:544,1
DA:548,1
DA:549,1
DA:551,1
DA:553,1
DA:556,1
DA:557,1
DA:560,1
DA:563,1
DA:566,1
DA:572,1
DA:573,1
DA:574,1
DA:575,0
DA:576,1
DA:578,1
DA:580,1
DA:581,1
DA:582,1
DA:584,1
DA:602,1
DA:603,1
DA:608,1
DA:609,1
DA:617,1
DA:621,0
DA:624,0
DA:625,0
DA:633,0
DA:634,0
DA:636,1
DA:655,1
DA:657,1
DA:658,1
DA:659,1
DA:660,1
DA:662,0
DA:663,1
DA:664,1
DA:666,1
DA:687,1
DA:688,0
DA:690,1
DA:691,1
DA:694,1
DA:695,1
DA:696,0
DA:697,0
DA:698,0
DA:699,0
DA:700,1
DA:701,0
DA:703,1
DA:704,1
DA:705,1
DA:706,1
DA:708,0
DA:709,0
DA:710,0
DA:711,1
DA:713,1
DA:729,1
DA:730,1
DA:731,1
DA:732,1
DA:733,0
DA:734,1
DA:735,0
DA:737,1
DA:738,1
DA:739,1
DA:741,1
DA:775,1
DA:776,1
DA:777,1
DA:779,1
DA:780,1
DA:782,1
DA:783,1
DA:784,1
DA:785,1
DA:786,1
DA:787,1
DA:789,1
DA:790,1
DA:791,1
DA:793,0
DA:797,0
DA:799,1
DA:800,1
DA:802,1
DA:822,1
DA:823,1
DA:824,0
DA:825,0
DA:827,1
DA:828,1
DA:829,1
DA:830,1
DA:832,1
DA:851,1
DA:853,1
DA:854,1
DA:855,1
DA:856,1
DA:858,1
DA:859,1
DA:860,1
DA:861,1
DA:869,1
DA:876,1
DA:878,1
DA:880,1
DA:892,1
DA:893,1
DA:895,1
DA:914,1
DA:915,1
DA:916,1
DA:917,1
DA:919,1
DA:920,1
DA:921,1
DA:923,1
DA:942,1
DA:943,1
DA:944,1
DA:945,1
DA:946,1
DA:947,1
DA:948,1
DA:950,1
DA:958,1
DA:960,1
DA:993,1
DA:994,1
DA:996,1
DA:997,1
DA:999,1
DA:1000,1
DA:1001,1
DA:1002,1
DA:1004,1
DA:1005,1
DA:1011,1
DA:1024,1
DA:1026,1
DA:1028,1
DA:1030,1
DA:1032,1
DA:1034,1
DA:1039,1
DA:1040,1
DA:1041,1
DA:1043,1
DA:1045,1
DA:1054,1
DA:1063,1
DA:1064,1
DA:1065,1
DA:1066,1
DA:1073,1
DA:1074,1
DA:1075,0
DA:1076,1
DA:1077,1
DA:1078,1
DA:1079,1
DA:1080,1
DA:1081,1
DA:1082,0
DA:1083,0
DA:1085,1
DA:1086,1
DA:1087,1
DA:1089,0
DA:1091,1
DA:1092,1
DA:1094,1
DA:1095,1
DA:1099,1
DA:1110,1
DA:1111,1
DA:1112,1
DA:1113,1
DA:1120,0
DA:1121,0
DA:1122,0
DA:1123,0
DA:1124,0
DA:1125,0
DA:1126,0
DA:1127,0
DA:1128,0
DA:1129,0
DA:1130,0
DA:1132,0
DA:1134,0
DA:1135,0
DA:1136,0
DA:1138,0
DA:1140,0
DA:1141,0
DA:1143,1
DA:1144,1
DA:1148,1
DA:1156,1
DA:1157,1
DA:1158,1
DA:1159,1
DA:1163,1
DA:1164,1
DA:1165,1
DA:1166,1
DA:1167,1
DA:1168,1
DA:1169,0
DA:1170,0
DA:1171,1
DA:1172,1
DA:1173,1
DA:1175,1
DA:1176,0
DA:1177,0
DA:1179,1
DA:1180,1
DA:1181,1
DA:1183,1
DA:1185,1
DA:1186,1
DA:1188,1
DA:1189,0
DA:1191,1
DA:1199,1
DA:1200,1
DA:1201,1
DA:1202,1
DA:1209,1
DA:1210,1
DA:1211,1
DA:1212,0
DA:1213,1
DA:1214,1
DA:1215,0
DA:1216,0
DA:1217,1
DA:1218,1
DA:1219,1
DA:1221,1
DA:1222,0
DA:1223,0
DA:1225,1
DA:1227,1
DA:1228,1
DA:1229,1
DA:1231,0
DA:1233,1
DA:1234,1
DA:1236,1
DA:1237,1
DA:1241,1
DA:1275,1
DA:1276,0
DA:1279,0
DA:1280,0
DA:1281,1
DA:1282,1
DA:1283,1
DA:1284,1
DA:1285,1
DA:1286,1
DA:1287,1
DA:1288,1
DA:1290,0
DA:1291,1
DA:1292,1
DA:1293,1
DA:1294,1
DA:1295,1
DA:1296,1
DA:1297,1
DA:1298,1
DA:1299,1
DA:1301,1
DA:1302,1
DA:1303,1
DA:1305,1
DA:1306,1
DA:1308,1
DA:1309,1
DA:1317,1
DA:1318,1
DA:1319,1
DA:1321,1
DA:1336,0
DA:1337,0
DA:1338,0
DA:1339,0
DA:1340,0
DA:1341,0
DA:1342,0
DA:1343,0
DA:1344,0
DA:1350,0
DA:1351,0
DA:1353,1
DA:1354,0
DA:1355,0
DA:1356,0
DA:1357,0
DA:1358,0
DA:1359,0
DA:1360,0
DA:1362,1
DA:1377,1
DA:1378,1
DA:1379,0
DA:1380,0
DA:1383,1
DA:1384,1
DA:1385,1
DA:1392,0
DA:1395,0
DA:1402,1
DA:1417,1
DA:1418,1
DA:1419,0
DA:1420,0
DA:1423,1
DA:1424,1
DA:1425,1
DA:1432,0
DA:1435,0
DA:1442,1
DA:1486,0
DA:1487,0
DA:1488,0
DA:1489,0
DA:1490,0
DA:1491,0
DA:1492,0
DA:1493,0
DA:1495,1
DA:1512,0
DA:1513,0
DA:1515,1
DA:1536,0
DA:1537,0
DA:1538,0
DA:1539,0
DA:1541,0
DA:1542,0
DA:1544,0
DA:1545,0
DA:1546,0
DA:1547,0
DA:1550,0
DA:1553,0
DA:1554,0
DA:1555,0
DA:1556,0
DA:1557,0
DA:1559,0
DA:1560,0
DA:1561,0
DA:1562,0
DA:1563,0
DA:1567,0
DA:1569,1
DA:1601,0
DA:1602,0
DA:1609,1
DA:1626,1
DA:1627,0
DA:1628,1
DA:1629,1
DA:1630,0
DA:1631,1
DA:1632,1
DA:1639,1
DA:1640,1
DA:1641,1
DA:1643,1
DA:1663,1
DA:1664,1
DA:1667,1
DA:1672,1
DA:1673,1
DA:1674,1
DA:1675,1
DA:1676,1
DA:1677,1
DA:1678,1
DA:1679,1
DA:1680,1
DA:1681,1
DA:1683,0
DA:1685,1
DA:1686,1
DA:1688,0
DA:1689,1
DA:1693,1
DA:1729,0
DA:1735,0
DA:1736,0
DA:1737,0
DA:1738,0
DA:1739,0
DA:1740,0
DA:1741,0
DA:1742,0
DA:1743,0
DA:1744,0
DA:1745,0
DA:1746,0
DA:1747,0
DA:1748,0
DA:1749,0
DA:1750,0
DA:1751,0
DA:1752,0
DA:1754,1
DA:1756,1
DA:1758,1
DA:1760,1
DA:1766,1
DA:1768,1
DA:1770,1
DA:1783,1
DA:1785,1
DA:1800,1
DA:1826,0
DA:1827,0
DA:1828,0
DA:1829,0
DA:1830,0
DA:1831,0
DA:1832,0
DA:1833,0
DA:1834,0
DA:1835,0
DA:1839,0
DA:1840,0
DA:1841,0
DA:1842,0
DA:1844,0
DA:1849,0
DA:1850,0
DA:1851,0
DA:1852,0
DA:1853,0
DA:1854,0
DA:1855,0
DA:1856,0
DA:1857,0
DA:1865,0
DA:1866,0
DA:1867,0
DA:1868,0
DA:1869,0
DA:1871,1
DA:1876,0
DA:1877,0
DA:1879,1
DA:1881,0
DA:1883,1
DA:1901,1
DA:1902,1
DA:1903,1
DA:1904,0
DA:1905,0
DA:1907,1
DA:1908,1
DA:1909,1
DA:1911,1
DA:1912,1
DA:1919,1
DA:1940,0
DA:1941,0
DA:1942,0
DA:1943,0
DA:1944,0
DA:1945,0
DA:1946,0
DA:1947,0
DA:1952,0
DA:1953,0
DA:1954,0
DA:1955,0
DA:1956,0
DA:1957,0
DA:1958,0
DA:1959,0
DA:1960,0
DA:1961,0
DA:1962,0
DA:1963,0
DA:1964,0
DA:1966,1
DA:1968,0
DA:1976,1
DA:1995,0
DA:2003,1
DA:2005,0
DA:2006,0
DA:2008,1
DA:2048,1
DA:2049,1
DA:2050,0
DA:2051,0
DA:2052,1
DA:2053,1
DA:2054,1
DA:2055,1
DA:2056,1
DA:2057,1
DA:2058,1
DA:2060,1
DA:2062,1
DA:2064,0
DA:2067,1
DA:2070,1
DA:2072,1
DA:2076,1
DA:2077,0
DA:2082,1
DA:2083,1
DA:2084,1
DA:2085,1
DA:2086,1
DA:2087,1
DA:2088,1
DA:2090,1
DA:2091,1
DA:2094,1
DA:2098,1
DA:2111,0
DA:2112,0
DA:2113,0
LF:812
LH:572
FN:54,122,Asig.__init__
FNDA:1,Asig.__init__
FN:125,130,Asig.channels
FNDA:1,Asig.channels
FN:133,135,Asig.cn
FNDA:1,Asig.cn
FN:138,152,Asig.cn
FNDA:1,Asig.cn
FN:155,159,Asig.samples
FNDA:1,Asig.samples
FN:162,166,Asig.dur
FNDA:1,Asig.dur
FN:168,188,Asig.save_wavfile
FNDA:1,Asig.save_wavfile
FN:190,197,Asig._set_col_names
FNDA:1,Asig._set_col_names
FN:199,327,Asig.__getitem__
FNDA:1,Asig.__getitem__
FN:330,337,Asig.x
FNDA:1,Asig.x
FN:342,349,Asig.b
FNDA:1,Asig.b
FN:354,360,Asig.o
FNDA:1,Asig.o
FN:364,582,Asig.__setitem__
FNDA:1,Asig.__setitem__
FN:584,634,Asig.resample
FNDA:1,Asig.resample
FN:636,664,Asig.play
FNDA:1,Asig.play
FN:666,711,Asig.shift_channel
FNDA:1,Asig.shift_channel
FN:713,739,Asig.mono
FNDA:1,Asig.mono
FN:741,800,Asig.stereo
FNDA:1,Asig.stereo
FN:802,830,Asig.rewire
FNDA:1,Asig.rewire
FN:832,878,Asig.pan2
FNDA:1,Asig.pan2
FN:880,893,Asig.remove_DC
FNDA:1,Asig.remove_DC
FN:895,921,Asig.norm
FNDA:1,Asig.norm
FN:923,948,Asig.gain
FNDA:1,Asig.gain
FN:950,958,Asig.rms
FNDA:1,Asig.rms
FN:960,1024,Asig.plot
FNDA:1,Asig.plot
FN:996,997,Asig.plot.fn
FNDA:1,Asig.plot.fn
FN:1026,1028,Asig.get_duration
FNDA:1,Asig.get_duration
FN:1030,1032,Asig.get_times
FNDA:1,Asig.get_times
FN:1034,1041,Asig.__eq__
FNDA:1,Asig.__eq__
FN:1043,1052,Asig.__repr__
FNDA:1,Asig.__repr__
FN:1054,1092,Asig.__mul__
FNDA:1,Asig.__mul__
FN:1094,1097,Asig.__rmul__
FNDA:1,Asig.__rmul__
FN:1099,1141,Asig.__truediv__
FNDA:1,Asig.__truediv__
FN:1143,1146,Asig.__rtruediv__
FNDA:1,Asig.__rtruediv__
FN:1148,1186,Asig.__add__
FNDA:1,Asig.__add__
FN:1188,1189,Asig.__radd__
FNDA:0,Asig.__radd__
FN:1191,1234,Asig.__sub__
FNDA:1,Asig.__sub__
FN:1236,1239,Asig.__rsub__
FNDA:1,Asig.__rsub__
FN:1241,1319,Asig.find_events
FNDA:1,Asig.find_events
FN:1321,1351,Asig.select_event
FNDA:0,Asig.select_event
FN:1353,1360,Asig.plot_events
FNDA:0,Asig.plot_events
FN:1362,1400,Asig.fade_in
FNDA:1,Asig.fade_in
FN:1402,1440,Asig.fade_out
FNDA:1,Asig.fade_out
FN:1442,1493,Asig.iirfilter
FNDA:0,Asig.iirfilter
FN:1495,1513,Asig.plot_freqz
FNDA:0,Asig.plot_freqz
FN:1515,1567,Asig.envelope
FNDA:0,Asig.envelope
FN:1569,1607,Asig.adsr
FNDA:0,Asig.adsr
FN:1609,1641,Asig.window
FNDA:1,Asig.window
FN:1643,1691,Asig.window_op
FNDA:1,Asig.window_op
FN:1693,1752,Asig.overlap_add
FNDA:0,Asig.overlap_add
FN:1754,1758,Asig.to_spec
FNDA:1,Asig.to_spec
FN:1760,1768,Asig.to_stft
FNDA:1,Asig.to_stft
FN:1770,1798,Asig.to_mfcc
FNDA:1,Asig.to_mfcc
FN:1800,1869,Asig.plot_spectrum
FNDA:0,Asig.plot_spectrum
FN:1871,1877,Asig.spectrogram
FNDA:0,Asig.spectrogram
FN:1879,1881,Asig.get_size
FNDA:0,Asig.get_size
FN:1883,1917,Asig.append
FNDA:1,Asig.append
FN:1919,1964,Asig.add
FNDA:0,Asig.add
FN:1966,1974,Asig.flatten
FNDA:0,Asig.flatten
FN:1976,2001,Asig.pad
FNDA:0,Asig.pad
FN:2003,2006,Asig.custom
FNDA:0,Asig.custom
FN:2008,2096,Asig.convolve
FNDA:1,Asig.convolve
FN:2098,2115,Asig.apply
FNDA:0,Asig.apply
FNF:63
FNH:47
end_of_record
SF:pya/aspec.py
DA:1,1
DA:2,1
DA:4,1
DA:5,1
DA:7,1
DA:9,1
DA:11,1
DA:12,1
DA:15,1
DA:18,1
DA:37,1
DA:38,1
DA:39,1
DA:40,1
DA:41,1
DA:42,1
DA:43,1
DA:44,1
DA:47,1
DA:48,1
DA:49,1
DA:50,1
DA:52,1
DA:53,1
DA:54,1
DA:55,1
DA:56,1
DA:57,1
DA:58,1
DA:59,1
DA:61,1
DA:63,0
DA:65,1
DA:67,1
DA:74,1
DA:92,0
DA:93,0
DA:94,0
DA:96,0
DA:97,0
DA:99,0
DA:100,0
DA:102,0
DA:103,0
DA:104,0
DA:105,0
DA:106,0
DA:107,0
DA:108,0
DA:109,0
DA:110,0
DA:112,0
DA:114,0
DA:115,0
DA:117,1
DA:144,1
DA:159,1
DA:161,1
DA:162,1
LF:59
LH:39
FN:18,59,Aspec.__init__
FNDA:1,Aspec.__init__
FN:61,63,Aspec.get_duration
FNDA:0,Aspec.get_duration
FN:65,72,Aspec.to_sig
FNDA:1,Aspec.to_sig
FN:74,115,Aspec.weight
FNDA:0,Aspec.weight
FN:117,159,Aspec.plot
FNDA:1,Aspec.plot
FN:161,164,Aspec.__repr__
FNDA:1,Aspec.__repr__
FNF:6
FNH:4
end_of_record
SF:pya/astft.py
DA:1,1
DA:3,1
DA:4,1
DA:6,1
DA:7,1
DA:9,1
DA:11,1
DA:13,1
DA:14,1
DA:18,1
DA:24,1
DA:92,1
DA:93,1
DA:94,1
DA:95,1
DA:96,1
DA:97,1
DA:98,1
DA:99,1
DA:101,1
DA:103,1
DA:104,1
DA:105,1
DA:106,1
DA:107,1
DA:108,1
DA:109,1
DA:110,1
DA:111,1
DA:113,1
DA:115,1
DA:116,1
DA:117,1
DA:118,1
DA:119,1
DA:120,0
DA:125,1
DA:126,1
DA:129,1
DA:133,1
DA:147,1
DA:148,0
DA:149,0
DA:151,0
DA:153,1
DA:170,1
DA:179,1
DA:180,0
DA:181,1
DA:182,0
DA:183,0
DA:184,1
DA:186,1
DA:187,1
DA:191,0
DA:192,0
DA:196,1
DA:229,1
DA:244,1
DA:245,1
DA:247,1
DA:248,1
LF:62
LH:53
FN:24,151,Astft.__init__
FNDA:1,Astft.__init__
FN:153,194,Astft.to_sig
FNDA:1,Astft.to_sig
FN:196,245,Astft.plot
FNDA:1,Astft.plot
FN:247,255,Astft.__repr__
FNDA:1,Astft.__repr__
FNF:4
FNH:4
end_of_record
SF:pya/backend/Dummy.py
DA:1,1
DA:2,1
DA:4,1
DA:6,1
DA:8,1
DA:11,1
DA:12,1
DA:13,1
DA:14,1
DA:16,1
DA:17,1
DA:21,1
DA:22,1
DA:24,1
DA:25,1
DA:27,1
DA:28,0
DA:30,1
DA:31,1
DA:33,1
DA:44,1
DA:45,1
DA:46,1
DA:47,1
DA:55,1
DA:56,1
DA:58,1
DA:59,1
DA:61,1
DA:62,1
DA:65,1
DA:66,1
DA:75,1
DA:76,1
DA:77,1
DA:78,1
DA:79,1
DA:80,1
DA:81,1
DA:82,1
DA:83,1
DA:84,1
DA:86,1
DA:87,1
DA:88,1
DA:91,1
DA:93,1
DA:94,1
DA:96,1
DA:97,0
DA:98,0
DA:101,0
DA:102,0
DA:104,1
DA:105,1
DA:106,1
DA:107,1
DA:108,1
DA:109,1
DA:111,1
DA:112,1
DA:113,1
DA:114,0
DA:115,0
DA:116,0
DA:117,1
DA:118,1
DA:119,1
DA:120,1
DA:122,1
DA:123,1
LF:71
LH:63
FN:16,19,DummyBackend.__init__
FNDA:1,DummyBackend.__init__
FN:21,22,DummyBackend.get_device_count
FNDA:1,DummyBackend.get_device_count
FN:24,25,DummyBackend.get_device_info_by_index
FNDA:1,DummyBackend.get_device_info_by_index
FN:27,28,DummyBackend.get_default_input_device_info
FNDA:0,DummyBackend.get_default_input_device_info
FN:30,31,DummyBackend.get_default_output_device_info
FNDA:1,DummyBackend.get_default_output_device_info
FN:33,56,DummyBackend.open
FNDA:1,DummyBackend.open
FN:58,59,DummyBackend.process_buffer
FNDA:1,DummyBackend.process_buffer
FN:61,62,DummyBackend.terminate
FNDA:1,DummyBackend.terminate
FN:66,84,DummyStream.__init__
FNDA:1,DummyStream.__init__
FN:86,91,DummyStream.stop_stream
FNDA:1,DummyStream.stop_stream
FN:93,94,DummyStream.close
FNDA:1,DummyStream.close
FN:96,102,DummyStream._generate_data
FNDA:0,DummyStream._generate_data
FN:104,109,DummyStream._process_data
FNDA:1,DummyStream._process_data
FN:111,120,DummyStream.start_stream
FNDA:1,DummyStream.start_stream
FN:122,123,DummyStream.is_active
FNDA:1,DummyStream.is_active
FNF:15
FNH:13
end_of_record
SF:pya/backend/Jupyter.py
DA:1,1
DA:2,1
DA:4,1
DA:6,0
DA:8,0
DA:9,0
DA:10,0
DA:11,0
DA:13,0
DA:16,0
DA:17,0
DA:18,0
DA:19,0
DA:21,0
DA:22,0
DA:23,0
DA:28,0
DA:33,0
DA:34,0
DA:35,0
DA:36,0
DA:38,0
DA:39,0
DA:41,0
DA:42,0
DA:44,0
DA:45,0
DA:47,0
DA:48,0
DA:50,0
DA:51,0
DA:58,0
DA:65,0
DA:66,0
DA:68,0
DA:69,0
DA:71,0
DA:72,0
DA:75,0
DA:76,0
DA:77,0
DA:78,0
DA:79,0
DA:80,0
DA:81,0
DA:83,0
DA:84,0
DA:85,0
DA:87,0
DA:89,0
DA:90,0
DA:91,0
DA:93,0
DA:96,0
DA:97,0
DA:98,0
DA:99,0
DA:101,0
DA:102,0
DA:106,0
DA:108,0
DA:213,0
DA:214,0
DA:215,0
DA:217,0
DA:218,0
DA:219,0
DA:220,0
DA:222,0
DA:223,0
DA:224,0
DA:226,0
DA:227,0
DA:228,0
DA:229,0
DA:231,0
DA:232,0
LF:77
LH:3
FN:21,36,JupyterBackend.__init__
FNDA:0,JupyterBackend.__init__
FN:38,39,JupyterBackend.get_device_count
FNDA:0,JupyterBackend.get_device_count
FN:41,42,JupyterBackend.get_device_info_by_index
FNDA:0,JupyterBackend.get_device_info_by_index
FN:44,45,JupyterBackend.get_default_input_device_info
FNDA:0,JupyterBackend.get_default_input_device_info
FN:47,48,JupyterBackend.get_default_output_device_info
FNDA:0,JupyterBackend.get_default_output_device_info
FN:50,66,JupyterBackend.open
FNDA:0,JupyterBackend.open
FN:68,69,JupyterBackend.process_buffer
FNDA:0,JupyterBackend.process_buffer
FN:71,72,JupyterBackend.terminate
FNDA:0,JupyterBackend.terminate
FN:76,211,JupyterStream.__init__
FNDA:0,JupyterStream.__init__
FN:83,87,JupyterStream.__init__.bridge
FNDA:0,JupyterStream.__init__.bridge
FN:89,91,JupyterStream.__init__.ws_runner
FNDA:0,JupyterStream.__init__.ws_runner
FN:93,99,JupyterStream.__init__.loop_thread
FNDA:0,JupyterStream.__init__.loop_thread
FN:214,215,JupyterStream.set_buffer_threshold
FNDA:0,JupyterStream.set_buffer_threshold
FN:217,220,JupyterStream.stop_stream
FNDA:0,JupyterStream.stop_stream
FN:222,224,JupyterStream.close
FNDA:0,JupyterStream.close
FN:226,229,JupyterStream.start_stream
FNDA:0,JupyterStream.start_stream
FN:231,232,JupyterStream.is_active
FNDA:0,JupyterStream.is_active
FNF:17
FNH:0
end_of_record
SF:pya/backend/PyAudio.py
DA:1,1
DA:3,1
DA:5,0
DA:7,0
DA:12,0
DA:13,0
DA:14,0
DA:16,0
DA:17,0
DA:18,0
DA:19,0
DA:20,0
DA:21,0
DA:22,0
DA:23,0
DA:24,0
DA:26,0
DA:30,0
DA:31,0
DA:33,0
DA:34,0
DA:36,0
DA:37,0
DA:39,0
DA:40,0
DA:42,0
DA:56,0
DA:70,0
DA:71,0
DA:73,0
DA:74,0
DA:76,0
DA:77,0
DA:78,0
DA:79,0
LF:35
LH:2
FN:16,28,PyAudioBackend.__init__
FNDA:0,PyAudioBackend.__init__
FN:30,31,PyAudioBackend.get_device_count
FNDA:0,PyAudioBackend.get_device_count
FN:33,34,PyAudioBackend.get_device_info_by_index
FNDA:0,PyAudioBackend.get_device_info_by_index
FN:36,37,PyAudioBackend.get_default_input_device_info
FNDA:0,PyAudioBackend.get_default_input_device_info
FN:39,40,PyAudioBackend.get_default_output_device_info
FNDA:0,PyAudioBackend.get_default_output_device_info
FN:42,71,PyAudioBackend.open
FNDA:0,PyAudioBackend.open
FN:73,74,PyAudioBackend.process_buffer
FNDA:0,PyAudioBackend.process_buffer
FN:76,79,PyAudioBackend.terminate
FNDA:0,PyAudioBackend.terminate
FNF:8
FNH:0
end_of_record
SF:pya/backend/__init__.py
DA:1,1
DA:3,1
DA:4,1
DA:6,1
DA:7,1
DA:9,1
DA:11,1
DA:12,1
DA:14,0
DA:19,1
DA:20,1
DA:22,0
LF:12
LH:10
end_of_record
SF:pya/backend/base.py
DA:1,1
DA:4,1
DA:5,1
DA:6,1
DA:9,1
DA:10,1
DA:13,1
DA:14,1
DA:17,1
DA:18,1
DA:21,1
DA:22,1
DA:25,1
DA:26,1
DA:29,1
DA:30,1
DA:34,1
DA:35,1
DA:36,1
DA:39,1
DA:40,1
DA:43,1
DA:44,1
DA:47,1
DA:48,1
LF:25
LH:25
FN:6,7,BackendBase.get_device_count
FNDA:0,BackendBase.get_device_count
FN:10,11,BackendBase.get_device_info_by_index
FNDA:0,BackendBase.get_device_info_by_index
FN:14,15,BackendBase.get_default_output_device_info
FNDA:0,BackendBase.get_default_output_device_info
FN:18,19,BackendBase.get_default_input_device_info
FNDA:0,BackendBase.get_default_input_device_info
FN:22,23,BackendBase.open
FNDA:0,BackendBase.open
FN:26,27,BackendBase.terminate
FNDA:0,BackendBase.terminate
FN:30,31,BackendBase.process_buffer
FNDA:0,BackendBase.process_buffer
FN:36,37,StreamBase.is_active
FNDA:0,StreamBase.is_active
FN:40,41,StreamBase.start_stream
FNDA:0,StreamBase.start_stream
FN:44,45,StreamBase.stop_stream
FNDA:0,StreamBase.stop_stream
FN:48,49,StreamBase.close
FNDA:0,StreamBase.close
FNF:11
FNH:0
end_of_record
SF:pya/helper/__init__.py
DA:4,1
DA:5,1
DA:6,1
LF:3
LH:3
end_of_record
SF:pya/helper/backend.py
DA:1,1
DA:3,1
DA:4,0
DA:5,0
DA:6,0
DA:9,1
DA:17,1
DA:18,0
DA:19,0
DA:21,0
DA:22,0
DA:23,0
DA:25,0
DA:28,0
DA:29,0
DA:30,0
DA:34,0
DA:35,0
DA:36,0
DA:37,0
DA:40,1
DA:41,0
DA:42,0
DA:44,0
DA:45,0
DA:46,0
DA:49,1
DA:50,0
DA:52,0
DA:54,0
DA:55,0
DA:61,0
DA:62,0
DA:63,0
DA:65,0
DA:68,1
DA:90,0
DA:91,0
DA:92,0
DA:93,0
DA:94,0
DA:98,0
LF:42
LH:7
FN:17,37,get_server_info
FNDA:0,get_server_info
FN:40,46,try_pyaudio_backend
FNDA:0,try_pyaudio_backend
FN:49,65,try_jupyter_backend
FNDA:0,try_jupyter_backend
FN:68,98,determine_backend
FNDA:0,determine_backend
FNF:4
FNH:0
end_of_record
SF:pya/helper/codec.py
DA:8,1
DA:9,1
DA:10,1
DA:11,1
DA:12,1
DA:13,1
DA:14,1
DA:16,1
DA:17,1
DA:19,1
DA:38,1
DA:40,1
DA:41,0
DA:43,1
DA:46,1
DA:50,1
DA:54,1
DA:60,1
DA:64,1
DA:68,1
DA:72,1
DA:76,1
DA:80,1
DA:84,1
DA:87,1
DA:88,1
DA:89,1
DA:90,1
DA:91,1
DA:92,1
DA:94,1
DA:95,1
DA:97,1
DA:99,1
DA:100,1
DA:102,1
DA:104,1
DA:105,1
DA:107,0
DA:109,1
DA:124,1
DA:128,1
DA:129,1
DA:131,1
DA:132,1
DA:133,1
DA:135,1
DA:136,0
DA:139,1
DA:142,1
DA:143,1
DA:144,1
DA:145,1
DA:146,1
DA:147,1
DA:148,1
DA:149,1
DA:150,1
DA:151,1
DA:153,1
DA:154,1
DA:156,1
DA:158,1
DA:165,1
DA:167,1
DA:169,1
DA:170,0
DA:171,0
DA:173,1
DA:175,1
DA:176,1
DA:177,1
DA:178,1
DA:180,1
DA:181,1
DA:182,1
DA:184,1
DA:186,1
DA:187,1
DA:190,1
DA:194,1
DA:195,1
DA:196,1
DA:197,1
DA:198,1
DA:199,1
DA:200,1
DA:202,1
DA:203,1
DA:204,1
DA:205,1
DA:206,1
DA:207,1
DA:208,1
DA:211,1
DA:219,1
DA:220,1
DA:221,1
DA:222,1
DA:223,0
DA:224,0
DA:226,0
DA:229,1
DA:231,1
DA:232,1
DA:239,0
DA:240,0
DA:242,1
DA:243,1
DA:248,1
DA:251,1
DA:254,1
DA:255,1
DA:260,1
DA:262,1
DA:263,0
DA:264,0
DA:265,0
DA:269,0
DA:272,0
DA:275,1
DA:276,1
DA:278,1
DA:287,0
DA:288,0
DA:294,1
DA:295,0
DA:296,0
DA:298,0
DA:300,0
DA:304,1
DA:305,1
DA:308,1
DA:309,1
DA:314,1
DA:315,1
DA:317,1
DA:318,1
DA:320,0
DA:322,1
DA:324,1
DA:325,1
DA:326,1
DA:327,1
DA:329,0
DA:331,1
DA:332,1
DA:334,1
DA:336,1
DA:337,0
DA:338,1
DA:339,0
DA:340,1
DA:341,1
DA:342,1
DA:343,1
DA:344,1
DA:345,1
DA:346,1
DA:348,1
DA:354,1
DA:355,1
DA:356,1
DA:358,0
DA:361,1
DA:362,1
DA:363,1
DA:364,1
DA:365,0
DA:367,1
DA:368,1
DA:369,0
DA:371,1
DA:373,0
DA:376,1
DA:377,1
DA:378,1
DA:379,1
DA:386,0
DA:388,1
DA:390,1
DA:392,1
DA:393,1
DA:394,1
DA:395,1
DA:396,0
DA:399,1
DA:401,1
DA:402,0
DA:404,1
DA:406,1
DA:407,0
DA:408,0
DA:409,0
DA:414,0
DA:416,1
DA:418,1
DA:423,1
DA:426,1
DA:427,1
DA:428,1
DA:432,1
DA:433,1
DA:434,1
DA:435,1
DA:440,1
DA:441,1
DA:444,1
DA:445,1
DA:448,1
DA:467,1
DA:468,1
DA:470,1
DA:471,1
DA:474,1
DA:475,1
DA:477,1
LF:217
LH:181
FN:87,92,BaseAudioFile.__init__
FNDA:1,BaseAudioFile.__init__
FN:95,97,BaseAudioFile.channels
FNDA:1,BaseAudioFile.channels
FN:100,102,BaseAudioFile.samplerate
FNDA:1,BaseAudioFile.samplerate
FN:105,107,BaseAudioFile.duration
FNDA:0,BaseAudioFile.duration
FN:109,122,BaseAudioFile.read_data
FNDA:0,BaseAudioFile.read_data
FN:124,126,BaseAudioFile.close
FNDA:0,BaseAudioFile.close
FN:128,129,BaseAudioFile.__enter__
FNDA:1,BaseAudioFile.__enter__
FN:131,133,BaseAudioFile.__exit__
FNDA:1,BaseAudioFile.__exit__
FN:135,136,BaseAudioFile.__iter__
FNDA:0,BaseAudioFile.__iter__
FN:142,154,SoundFileAudioFile.__init__
FNDA:1,SoundFileAudioFile.__init__
FN:156,165,SoundFileAudioFile._get_bytes_per_sample
FNDA:1,SoundFileAudioFile._get_bytes_per_sample
FN:167,171,SoundFileAudioFile._check
FNDA:1,SoundFileAudioFile._check
FN:173,182,SoundFileAudioFile.read_data
FNDA:1,SoundFileAudioFile.read_data
FN:184,187,SoundFileAudioFile.close
FNDA:1,SoundFileAudioFile.close
FN:194,200,QueueReaderThread.__init__
FNDA:1,QueueReaderThread.__init__
FN:202,208,QueueReaderThread.run
FNDA:1,QueueReaderThread.run
FN:211,226,popen_multiple
FNDA:1,popen_multiple
FN:229,243,ffmpeg_available
FNDA:1,ffmpeg_available
FN:254,315,FFmpegAudioFile.__init__
FNDA:1,FFmpegAudioFile.__init__
FN:318,320,FFmpegAudioFile.raw_str_info
FNDA:0,FFmpegAudioFile.raw_str_info
FN:322,346,FFmpegAudioFile._get_info
FNDA:1,FFmpegAudioFile._get_info
FN:348,386,FFmpegAudioFile._parse_info
FNDA:1,FFmpegAudioFile._parse_info
FN:388,414,FFmpegAudioFile.read_data
FNDA:1,FFmpegAudioFile.read_data
FN:416,445,FFmpegAudioFile.close
FNDA:1,FFmpegAudioFile.close
FN:448,477,audio_read
FNDA:1,audio_read
FNF:25
FNH:20
end_of_record
SF:pya/helper/helpers.py
DA:2,1
DA:3,1
DA:4,1
DA:6,1
DA:7,1
DA:9,1
DA:11,1
DA:30,1
DA:53,1
DA:54,1
DA:55,1
DA:56,1
DA:58,1
DA:59,1
DA:60,1
DA:61,1
DA:64,1
DA:67,1
DA:68,1
DA:69,1
DA:72,1
DA:76,0
DA:77,0
DA:78,0
DA:79,0
DA:80,0
DA:82,0
DA:83,0
DA:85,0
DA:86,0
DA:88,0
DA:91,1
DA:112,0
DA:114,0
DA:116,0
DA:119,1
DA:120,0
DA:121,0
DA:122,0
DA:123,0
DA:124,0
DA:126,0
DA:129,1
DA:131,0
DA:132,0
DA:133,0
DA:134,0
DA:135,0
DA:136,0
DA:137,0
DA:138,0
DA:139,0
DA:140,0
DA:141,0
DA:142,0
DA:143,0
DA:146,1
DA:147,0
DA:148,0
DA:149,0
DA:150,0
DA:151,0
DA:155,0
DA:156,0
DA:159,1
DA:181,1
DA:182,1
DA:183,1
DA:184,1
DA:185,1
DA:188,1
DA:189,1
DA:193,0
DA:198,1
DA:200,1
DA:203,1
DA:217,1
DA:218,1
DA:219,1
DA:222,1
DA:224,1
DA:231,1
DA:232,1
DA:233,1
DA:234,1
DA:237,1
DA:259,1
DA:260,1
DA:261,1
DA:262,1
DA:263,0
DA:265,1
DA:266,1
DA:267,1
DA:269,1
DA:270,1
DA:271,1
DA:273,1
DA:274,1
DA:276,0
DA:282,0
DA:283,0
DA:284,0
DA:285,0
DA:287,0
DA:288,0
DA:289,1
DA:292,1
DA:309,1
DA:310,1
DA:314,1
DA:315,1
DA:318,1
DA:335,1
LF:114
LH:66
FN:30,61,spectrum
FNDA:1,spectrum
FN:64,69,normalize
FNDA:1,normalize
FN:72,88,audio_from_file
FNDA:0,audio_from_file
FN:91,116,buf_to_float
FNDA:0,buf_to_float
FN:119,126,_try_initializing_pyaudio
FNDA:0,_try_initializing_pyaudio
FN:129,143,device_info
FNDA:0,device_info
FN:146,156,find_device
FNDA:0,find_device
FN:159,195,padding
FNDA:1,padding
FN:198,200,is_pow2
FNDA:1,is_pow2
FN:203,219,next_pow2
FNDA:1,next_pow2
FN:222,228,round_half_up
FNDA:1,round_half_up
FN:231,234,rolling_window
FNDA:1,rolling_window
FN:237,289,signal_to_frame
FNDA:1,signal_to_frame
FN:292,315,magspec
FNDA:1,magspec
FN:318,335,powspec
FNDA:1,powspec
FNF:15
FNH:10
end_of_record
SF:pya/helper/visualization.py
DA:1,1
DA:3,1
DA:5,1
DA:6,1
DA:7,1
DA:8,1
DA:10,1
DA:13,1
DA:47,1
DA:48,1
DA:53,1
DA:54,1
DA:56,1
DA:58,1
DA:61,1
DA:62,1
DA:64,1
DA:65,1
DA:66,1
DA:67,1
DA:68,1
DA:69,1
DA:70,0
DA:71,0
DA:72,0
DA:79,0
DA:80,0
DA:81,0
DA:82,1
DA:83,1
DA:84,1
DA:85,1
DA:86,1
DA:88,1
DA:89,1
DA:90,1
DA:91,1
DA:92,1
DA:95,1
DA:129,1
DA:131,1
DA:133,1
DA:134,1
DA:135,1
DA:136,1
DA:138,1
DA:140,1
DA:141,1
DA:143,1
DA:144,1
DA:145,1
DA:146,1
DA:147,1
DA:149,1
DA:150,1
DA:152,1
DA:153,1
DA:154,1
DA:155,1
DA:156,1
DA:157,1
DA:159,1
DA:165,1
DA:166,1
DA:167,1
DA:168,1
DA:169,1
DA:170,1
DA:171,1
DA:172,1
DA:173,1
DA:174,1
DA:175,1
DA:176,1
DA:177,1
DA:178,1
DA:179,1
LF:77
LH:71
FN:13,92,basicplot
FNDA:1,basicplot
FN:95,179,gridplot
FNDA:1,gridplot
FNF:2
FNH:2
end_of_record
SF:pya/ugen.py
DA:1,1
DA:3,1
DA:4,1
DA:6,1
DA:7,1
DA:10,1
DA:18,1
DA:19,1
DA:20,1
DA:21,1
DA:22,1
DA:23,1
DA:25,1
DA:30,1
DA:49,1
DA:50,1
DA:52,1
DA:91,1
DA:92,1
DA:95,1
DA:96,1
DA:97,1
DA:98,1
DA:100,1
DA:139,1
DA:140,1
DA:143,1
DA:144,1
DA:145,1
DA:146,1
DA:148,1
DA:191,1
DA:192,1
DA:202,1
DA:203,1
DA:204,1
DA:205,1
DA:207,1
DA:249,1
DA:250,1
DA:254,1
DA:255,1
DA:256,1
DA:257,1
DA:259,1
DA:299,1
DA:301,1
DA:302,1
DA:304,1
DA:306,1
DA:307,1
DA:308,1
DA:309,1
DA:310,1
DA:311,1
DA:312,1
DA:313,1
DA:314,1
DA:315,1
DA:316,1
DA:317,1
DA:318,1
DA:319,1
DA:320,1
DA:321,1
DA:322,1
LF:66
LH:66
FN:10,27,get_num_of_rows
FNDA:1,get_num_of_rows
FN:49,50,Ugen.__init__
FNDA:1,Ugen.__init__
FN:52,98,Ugen.sine
FNDA:1,Ugen.sine
FN:100,146,Ugen.cos
FNDA:1,Ugen.cos
FN:148,205,Ugen.square
FNDA:1,Ugen.square
FN:207,257,Ugen.sawtooth
FNDA:1,Ugen.sawtooth
FN:259,322,Ugen.noise
FNDA:1,Ugen.noise
FNF:7
FNH:7
end_of_record
SF:pya/version.py
DA:1,1
LF:1
LH:1
end_of_record
